#! /usr/bin/vvp
:ivl_version "11.0 (stable)";
:ivl_delay_selection "TYPICAL";
:vpi_time_precision + 0;
:vpi_module "/usr/lib64/ivl/system.vpi";
:vpi_module "/usr/lib64/ivl/vhdl_sys.vpi";
:vpi_module "/usr/lib64/ivl/vhdl_textio.vpi";
:vpi_module "/usr/lib64/ivl/v2005_math.vpi";
:vpi_module "/usr/lib64/ivl/va_math.vpi";
S_0x563b633562e0 .scope module, "top_mux" "top_mux" 2 3;
 .timescale 0 0;
v0x563b633811a0_0 .var "clk", 0 0;
v0x563b63381280_0 .var "counter", 31 0;
v0x563b63381340_0 .var "sel", 0 0;
v0x563b63381440_0 .var "val_1", 31 0;
v0x563b63381510_0 .var "val_2", 31 0;
v0x563b633815b0_0 .net "val_out", 31 0, L_0x563b633919a0;  1 drivers
E_0x563b63367ec0 .event posedge, v0x563b633811a0_0;
S_0x563b63369ef0 .scope module, "mux_0" "mux" 2 13, 3 1 0, S_0x563b633562e0;
 .timescale 0 0;
    .port_info 0 /INPUT 32 "i_counter";
    .port_info 1 /INPUT 32 "i_in_1";
    .port_info 2 /INPUT 32 "i_in_2";
    .port_info 3 /INPUT 1 "i_sel";
    .port_info 4 /OUTPUT 32 "out";
v0x563b6336a100_0 .net *"_ivl_0", 31 0, L_0x563b63381680;  1 drivers
L_0x7f510cc12018 .functor BUFT 1, C4<0000000000000000000000000000000>, C4<0>, C4<0>, C4<0>;
v0x563b63380a10_0 .net *"_ivl_3", 30 0, L_0x7f510cc12018;  1 drivers
L_0x7f510cc12060 .functor BUFT 1, C4<00000000000000000000000000000000>, C4<0>, C4<0>, C4<0>;
v0x563b63380af0_0 .net/2u *"_ivl_4", 31 0, L_0x7f510cc12060;  1 drivers
v0x563b63380bb0_0 .net *"_ivl_6", 0 0, L_0x563b63391830;  1 drivers
v0x563b63380c70_0 .net "i_counter", 31 0, v0x563b63381280_0;  1 drivers
v0x563b63380da0_0 .net "i_in_1", 31 0, v0x563b63381440_0;  1 drivers
v0x563b63380e80_0 .net "i_in_2", 31 0, v0x563b63381510_0;  1 drivers
v0x563b63380f60_0 .net "i_sel", 0 0, v0x563b63381340_0;  1 drivers
v0x563b63381020_0 .net "out", 31 0, L_0x563b633919a0;  alias, 1 drivers
E_0x563b63368300 .event edge, v0x563b63380f60_0, v0x563b63380e80_0, v0x563b63380da0_0, v0x563b63380c70_0;
L_0x563b63381680 .concat [ 1 31 0 0], v0x563b63381340_0, L_0x7f510cc12018;
L_0x563b63391830 .cmp/eq 32, L_0x563b63381680, L_0x7f510cc12060;
L_0x563b633919a0 .functor MUXZ 32, v0x563b63381510_0, v0x563b63381440_0, L_0x563b63391830, C4<>;
    .scope S_0x563b63369ef0;
T_0 ;
    %wait E_0x563b63368300;
    %vpi_call 3 12 "$strobe", "i_counter = %0h", v0x563b63380c70_0 {0 0 0};
    %vpi_call 3 13 "$strobe", "i_in_1 = %0h", v0x563b63380da0_0 {0 0 0};
    %vpi_call 3 14 "$strobe", "i_in_2 = %0h", v0x563b63380e80_0 {0 0 0};
    %vpi_call 3 15 "$strobe", "i_sel = %0h", v0x563b63380f60_0 {0 0 0};
    %vpi_call 3 16 "$strobe", "out = %0h", v0x563b63381020_0 {0 0 0};
    %vpi_call 3 17 "$strobe", "time is %0t", $time {0 0 0};
    %jmp T_0;
    .thread T_0, $push;
    .scope S_0x563b63369ef0;
T_1 ;
    %end;
    .thread T_1;
    .scope S_0x563b633562e0;
T_2 ;
    %delay 5, 0;
    %load/vec4 v0x563b633811a0_0;
    %inv;
    %store/vec4 v0x563b633811a0_0, 0, 1;
    %jmp T_2;
    .thread T_2;
    .scope S_0x563b633562e0;
T_3 ;
    %pushi/vec4 0, 0, 1;
    %assign/vec4 v0x563b633811a0_0, 0;
    %pushi/vec4 0, 0, 32;
    %assign/vec4 v0x563b63381280_0, 0;
    %pushi/vec4 5, 0, 32;
    %assign/vec4 v0x563b63381440_0, 0;
    %pushi/vec4 0, 0, 32;
    %assign/vec4 v0x563b63381510_0, 0;
    %load/vec4 v0x563b63381340_0;
    %inv;
    %store/vec4 v0x563b63381340_0, 0, 1;
    %pushi/vec4 0, 0, 1;
    %assign/vec4 v0x563b63381340_0, 0;
    %end;
    .thread T_3;
    .scope S_0x563b633562e0;
T_4 ;
    %wait E_0x563b63367ec0;
    %load/vec4 v0x563b63381280_0;
    %addi 1, 0, 32;
    %assign/vec4 v0x563b63381280_0, 0;
    %load/vec4 v0x563b63381340_0;
    %inv;
    %store/vec4 v0x563b63381340_0, 0, 1;
    %load/vec4 v0x563b63381280_0;
    %cmpi/e 2, 0, 32;
    %jmp/0xz  T_4.0, 4;
    %vpi_call 2 33 "$finish" {0 0 0};
T_4.0 ;
    %jmp T_4;
    .thread T_4;
# The file index is used to find the file name in the following table.
:file_names 4;
    "N/A";
    "<interactive>";
    "./top.v";
    "./mux.v";
