#! /usr/bin/vvp
:ivl_version "11.0 (stable)";
:ivl_delay_selection "TYPICAL";
:vpi_time_precision + 0;
:vpi_module "/usr/lib64/ivl/system.vpi";
:vpi_module "/usr/lib64/ivl/vhdl_sys.vpi";
:vpi_module "/usr/lib64/ivl/vhdl_textio.vpi";
:vpi_module "/usr/lib64/ivl/v2005_math.vpi";
:vpi_module "/usr/lib64/ivl/va_math.vpi";
S_0x56222ab0bdc0 .scope module, "top" "top" 2 1;
 .timescale 0 0;
L_0x56222ab57590 .functor AND 1, L_0x56222ab57650, C4<1>, C4<1>, C4<1>;
v0x56222ab0bf70_0 .net *"_ivl_2", 0 0, L_0x56222ab57650;  1 drivers
v0x56222ab570b0_0 .net "a", 0 0, L_0x56222ab57590;  1 drivers
v0x56222ab57170_0 .var "clk", 0 0;
v0x56222ab57210_0 .var "counter", 31 0;
v0x56222ab572f0_0 .var "in_1", 3 0;
v0x56222ab573d0_0 .var "in_2", 3 0;
v0x56222ab574b0_0 .var "out", 4 0;
E_0x56222ab44b20 .event posedge, v0x56222ab57170_0;
L_0x56222ab57650 .part v0x56222ab572f0_0, 0, 1;
    .scope S_0x56222ab0bdc0;
T_0 ;
    %delay 5, 0;
    %load/vec4 v0x56222ab57170_0;
    %inv;
    %store/vec4 v0x56222ab57170_0, 0, 1;
    %jmp T_0;
    .thread T_0;
    .scope S_0x56222ab0bdc0;
T_1 ;
    %pushi/vec4 0, 0, 1;
    %assign/vec4 v0x56222ab57170_0, 0;
    %pushi/vec4 0, 0, 32;
    %assign/vec4 v0x56222ab57210_0, 0;
    %pushi/vec4 14, 0, 4;
    %assign/vec4 v0x56222ab572f0_0, 0;
    %pushi/vec4 8, 0, 4;
    %assign/vec4 v0x56222ab573d0_0, 0;
    %pushi/vec4 0, 0, 5;
    %assign/vec4 v0x56222ab574b0_0, 0;
    %end;
    .thread T_1;
    .scope S_0x56222ab0bdc0;
T_2 ;
    %wait E_0x56222ab44b20;
    %load/vec4 v0x56222ab572f0_0;
    %pad/u 5;
    %load/vec4 v0x56222ab573d0_0;
    %pad/u 5;
    %add;
    %assign/vec4 v0x56222ab574b0_0, 0;
    %load/vec4 v0x56222ab57210_0;
    %addi 1, 0, 32;
    %assign/vec4 v0x56222ab57210_0, 0;
    %vpi_call 2 23 "$display", "full out is %d \012", v0x56222ab574b0_0 {0 0 0};
    %vpi_call 2 24 "$display", "partial out is %d \012", &PV<v0x56222ab574b0_0, 0, 4> {0 0 0};
    %vpi_call 2 25 "$display", "a is %d \012", v0x56222ab570b0_0 {0 0 0};
    %load/vec4 v0x56222ab57210_0;
    %cmpi/e 2, 0, 32;
    %jmp/0xz  T_2.0, 4;
    %vpi_call 2 26 "$finish" {0 0 0};
T_2.0 ;
    %jmp T_2;
    .thread T_2;
# The file index is used to find the file name in the following table.
:file_names 3;
    "N/A";
    "<interactive>";
    "carry.v";
