#! /usr/bin/vvp
:ivl_version "10.3 (stable)";
:ivl_delay_selection "TYPICAL";
:vpi_time_precision + 0;
:vpi_module "system";
:vpi_module "vhdl_sys";
:vpi_module "v2005_math";
:vpi_module "va_math";
S_0x55e6ad960ed0 .scope module, "ex_mem" "ex_mem" 2 66;
 .timescale 0 0;
    .port_info 0 /INPUT 1 "clk"
    .port_info 1 /INPUT 32 "i_rs_1"
    .port_info 2 /INPUT 32 "i_rs_2"
    .port_info 3 /INPUT 5 "i_rd_num"
    .port_info 4 /INPUT 32 "i_alu_out"
    .port_info 5 /INPUT 7 "i_opcode"
    .port_info 6 /INPUT 3 "i_func_3"
    .port_info 7 /INPUT 1 "i_op_type"
    .port_info 8 /OUTPUT 32 "rs_1"
    .port_info 9 /OUTPUT 32 "rs_2"
    .port_info 10 /OUTPUT 5 "rd_num"
    .port_info 11 /OUTPUT 32 "alu_out"
    .port_info 12 /OUTPUT 7 "opcode"
    .port_info 13 /OUTPUT 3 "func_3"
    .port_info 14 /OUTPUT 1 "op_type"
v0x55e6ad955a40_0 .var "alu_out", 31 0;
o0x7f6d554c4048 .functor BUFZ 1, C4<z>; HiZ drive
v0x55e6ad9581f0_0 .net "clk", 0 0, o0x7f6d554c4048;  0 drivers
v0x55e6ad983c80_0 .var "func_3", 2 0;
o0x7f6d554c40a8 .functor BUFZ 32, C4<zzzzzzzzzzzzzzzzzzzzzzzzzzzzzzzz>; HiZ drive
v0x55e6ad95f8e0_0 .net "i_alu_out", 31 0, o0x7f6d554c40a8;  0 drivers
o0x7f6d554c40d8 .functor BUFZ 3, C4<zzz>; HiZ drive
v0x55e6ad9a4120_0 .net "i_func_3", 2 0, o0x7f6d554c40d8;  0 drivers
o0x7f6d554c4108 .functor BUFZ 1, C4<z>; HiZ drive
v0x55e6ad9a4200_0 .net "i_op_type", 0 0, o0x7f6d554c4108;  0 drivers
o0x7f6d554c4138 .functor BUFZ 7, C4<zzzzzzz>; HiZ drive
v0x55e6ad9a42c0_0 .net "i_opcode", 6 0, o0x7f6d554c4138;  0 drivers
o0x7f6d554c4168 .functor BUFZ 5, C4<zzzzz>; HiZ drive
v0x55e6ad9a43a0_0 .net "i_rd_num", 4 0, o0x7f6d554c4168;  0 drivers
o0x7f6d554c4198 .functor BUFZ 32, C4<zzzzzzzzzzzzzzzzzzzzzzzzzzzzzzzz>; HiZ drive
v0x55e6ad9a4480_0 .net "i_rs_1", 31 0, o0x7f6d554c4198;  0 drivers
o0x7f6d554c41c8 .functor BUFZ 32, C4<zzzzzzzzzzzzzzzzzzzzzzzzzzzzzzzz>; HiZ drive
v0x55e6ad9a4560_0 .net "i_rs_2", 31 0, o0x7f6d554c41c8;  0 drivers
v0x55e6ad9a4640_0 .var "op_type", 0 0;
v0x55e6ad9a4700_0 .var "opcode", 6 0;
v0x55e6ad9a47e0_0 .var "rd_num", 4 0;
v0x55e6ad9a48c0_0 .var "rs_1", 31 0;
v0x55e6ad9a49a0_0 .var "rs_2", 31 0;
E_0x55e6ad96f330 .event posedge, v0x55e6ad9581f0_0;
S_0x55e6ad961050 .scope module, "id_ex" "id_ex" 2 33;
 .timescale 0 0;
    .port_info 0 /INPUT 1 "clk"
    .port_info 1 /INPUT 32 "i_pc"
    .port_info 2 /INPUT 32 "i_rs_1"
    .port_info 3 /INPUT 32 "i_rs_2"
    .port_info 4 /INPUT 5 "i_rd_num"
    .port_info 5 /INPUT 12 "i_imm_12"
    .port_info 6 /INPUT 20 "i_imm_20"
    .port_info 7 /INPUT 7 "i_opcode"
    .port_info 8 /INPUT 3 "i_func_3"
    .port_info 9 /INPUT 7 "i_func_7"
    .port_info 10 /OUTPUT 32 "pc"
    .port_info 11 /OUTPUT 32 "rs_1"
    .port_info 12 /OUTPUT 32 "rs_2"
    .port_info 13 /OUTPUT 5 "rd_num"
    .port_info 14 /OUTPUT 12 "imm_12"
    .port_info 15 /OUTPUT 20 "imm_20"
    .port_info 16 /OUTPUT 7 "opcode"
    .port_info 17 /OUTPUT 3 "func_3"
    .port_info 18 /OUTPUT 7 "func_7"
o0x7f6d554c45b8 .functor BUFZ 1, C4<z>; HiZ drive
v0x55e6ad9a4d20_0 .net "clk", 0 0, o0x7f6d554c45b8;  0 drivers
v0x55e6ad9a4e00_0 .var "func_3", 2 0;
v0x55e6ad9a4ee0_0 .var "func_7", 6 0;
o0x7f6d554c4648 .functor BUFZ 3, C4<zzz>; HiZ drive
v0x55e6ad9a4fa0_0 .net "i_func_3", 2 0, o0x7f6d554c4648;  0 drivers
o0x7f6d554c4678 .functor BUFZ 7, C4<zzzzzzz>; HiZ drive
v0x55e6ad9a5080_0 .net "i_func_7", 6 0, o0x7f6d554c4678;  0 drivers
o0x7f6d554c46a8 .functor BUFZ 12, C4<zzzzzzzzzzzz>; HiZ drive
v0x55e6ad9a5160_0 .net "i_imm_12", 11 0, o0x7f6d554c46a8;  0 drivers
o0x7f6d554c46d8 .functor BUFZ 20, C4<zzzzzzzzzzzzzzzzzzzz>; HiZ drive
v0x55e6ad9a5240_0 .net "i_imm_20", 19 0, o0x7f6d554c46d8;  0 drivers
o0x7f6d554c4708 .functor BUFZ 7, C4<zzzzzzz>; HiZ drive
v0x55e6ad9a5320_0 .net "i_opcode", 6 0, o0x7f6d554c4708;  0 drivers
o0x7f6d554c4738 .functor BUFZ 32, C4<zzzzzzzzzzzzzzzzzzzzzzzzzzzzzzzz>; HiZ drive
v0x55e6ad9a5400_0 .net "i_pc", 31 0, o0x7f6d554c4738;  0 drivers
o0x7f6d554c4768 .functor BUFZ 5, C4<zzzzz>; HiZ drive
v0x55e6ad9a5570_0 .net "i_rd_num", 4 0, o0x7f6d554c4768;  0 drivers
o0x7f6d554c4798 .functor BUFZ 32, C4<zzzzzzzzzzzzzzzzzzzzzzzzzzzzzzzz>; HiZ drive
v0x55e6ad9a5650_0 .net "i_rs_1", 31 0, o0x7f6d554c4798;  0 drivers
o0x7f6d554c47c8 .functor BUFZ 32, C4<zzzzzzzzzzzzzzzzzzzzzzzzzzzzzzzz>; HiZ drive
v0x55e6ad9a5730_0 .net "i_rs_2", 31 0, o0x7f6d554c47c8;  0 drivers
v0x55e6ad9a5810_0 .var "imm_12", 11 0;
v0x55e6ad9a58f0_0 .var "imm_20", 19 0;
v0x55e6ad9a59d0_0 .var "opcode", 6 0;
v0x55e6ad9a5ab0_0 .var "pc", 31 0;
v0x55e6ad9a5b90_0 .var "rd_num", 4 0;
v0x55e6ad9a5c70_0 .var "rs_1", 31 0;
v0x55e6ad9a5d50_0 .var "rs_2", 31 0;
E_0x55e6ad96ef20 .event posedge, v0x55e6ad9a4d20_0;
S_0x55e6ad95ac10 .scope module, "mem_wb" "mem_wb" 2 93;
 .timescale 0 0;
    .port_info 0 /INPUT 1 "clk"
    .port_info 1 /INPUT 32 "i_mem_out"
    .port_info 2 /INPUT 5 "i_rd_num"
    .port_info 3 /INPUT 32 "i_alu_out"
    .port_info 4 /INPUT 1 "i_op_type"
    .port_info 5 /OUTPUT 32 "mem_out"
    .port_info 6 /OUTPUT 5 "rd_num"
    .port_info 7 /OUTPUT 32 "alu_out"
    .port_info 8 /OUTPUT 1 "op_type"
v0x55e6ad986e30_0 .var "alu_out", 31 0;
o0x7f6d554c4d08 .functor BUFZ 1, C4<z>; HiZ drive
v0x55e6ad9a61d0_0 .net "clk", 0 0, o0x7f6d554c4d08;  0 drivers
o0x7f6d554c4d38 .functor BUFZ 32, C4<zzzzzzzzzzzzzzzzzzzzzzzzzzzzzzzz>; HiZ drive
v0x55e6ad9a6290_0 .net "i_alu_out", 31 0, o0x7f6d554c4d38;  0 drivers
o0x7f6d554c4d68 .functor BUFZ 32, C4<zzzzzzzzzzzzzzzzzzzzzzzzzzzzzzzz>; HiZ drive
v0x55e6ad9a6350_0 .net "i_mem_out", 31 0, o0x7f6d554c4d68;  0 drivers
o0x7f6d554c4d98 .functor BUFZ 1, C4<z>; HiZ drive
v0x55e6ad9a6430_0 .net "i_op_type", 0 0, o0x7f6d554c4d98;  0 drivers
o0x7f6d554c4dc8 .functor BUFZ 5, C4<zzzzz>; HiZ drive
v0x55e6ad9a64f0_0 .net "i_rd_num", 4 0, o0x7f6d554c4dc8;  0 drivers
v0x55e6ad9a65d0_0 .var "mem_out", 31 0;
v0x55e6ad9a66b0_0 .var "op_type", 0 0;
v0x55e6ad9a6770_0 .var "rd_num", 4 0;
E_0x55e6ad96eb10 .event posedge, v0x55e6ad9a61d0_0;
S_0x55e6ad924190 .scope module, "top" "top" 3 6;
 .timescale 0 0;
v0x55e6ad9aacc0_0 .var "clk", 0 0;
v0x55e6ad9aad60_0 .var "counter", 31 0;
v0x55e6ad9aae40_0 .var "rst", 0 0;
S_0x55e6ad9a6970 .scope module, "verilog_riscv_0" "verilog_riscv" 3 11, 4 9 0, S_0x55e6ad924190;
 .timescale 0 0;
    .port_info 0 /INPUT 1 "rst"
    .port_info 1 /INPUT 1 "clk"
    .port_info 2 /OUTPUT 3 "leds"
v0x55e6ad9aa040_0 .net "clk", 0 0, v0x55e6ad9aacc0_0;  1 drivers
v0x55e6ad9aa100_0 .net "if_id_instr_wire", 31 0, v0x55e6ad9a9900_0;  1 drivers
v0x55e6ad9aa1c0_0 .net "if_id_pc_wire", 31 0, v0x55e6ad9a99d0_0;  1 drivers
o0x7f6d554c59c8 .functor BUFZ 3, C4<zzz>; HiZ drive
v0x55e6ad9aa2b0_0 .net "leds", 3 1, o0x7f6d554c59c8;  0 drivers
v0x55e6ad9aa390_0 .net "mem_con_address_1", 31 0, v0x55e6ad9a9bb0_0;  1 drivers
v0x55e6ad9aa4a0_0 .net "mem_con_o_val_1", 31 0, v0x55e6ad9a8810_0;  1 drivers
v0x55e6ad9aa560_0 .net "rst", 0 0, v0x55e6ad9aae40_0;  1 drivers
v0x55e6ad9aa600_0 .var "tmp_address_0", 31 0;
o0x7f6d554c5788 .functor BUFZ 32, C4<zzzzzzzzzzzzzzzzzzzzzzzzzzzzzzzz>; HiZ drive
v0x55e6ad9aa710_0 .net "tmp_b_pc", 31 0, o0x7f6d554c5788;  0 drivers
v0x55e6ad9aa860_0 .var "tmp_i_val_0", 31 0;
v0x55e6ad9aa900_0 .net "tmp_if_id_instr", 31 0, v0x55e6ad9a7080_0;  1 drivers
v0x55e6ad9aa9c0_0 .net "tmp_if_id_pc", 31 0, v0x55e6ad9a7160_0;  1 drivers
v0x55e6ad9aaa60_0 .net "tmp_o_val_0", 31 0, v0x55e6ad9a7e00_0;  1 drivers
v0x55e6ad9aab50_0 .var "tmp_op_type_0", 0 0;
S_0x55e6ad9a6b30 .scope module, "if_id_0" "if_id" 4 29, 2 20 0, S_0x55e6ad9a6970;
 .timescale 0 0;
    .port_info 0 /INPUT 1 "rst"
    .port_info 1 /INPUT 1 "clk"
    .port_info 2 /INPUT 32 "i_pc"
    .port_info 3 /INPUT 32 "i_instr"
    .port_info 4 /OUTPUT 32 "pc"
    .port_info 5 /OUTPUT 32 "instr"
v0x55e6ad9a6e00_0 .net "clk", 0 0, v0x55e6ad9aacc0_0;  alias, 1 drivers
v0x55e6ad9a6ee0_0 .net "i_instr", 31 0, v0x55e6ad9a9900_0;  alias, 1 drivers
v0x55e6ad9a6fc0_0 .net "i_pc", 31 0, v0x55e6ad9a99d0_0;  alias, 1 drivers
v0x55e6ad9a7080_0 .var "instr", 31 0;
v0x55e6ad9a7160_0 .var "pc", 31 0;
v0x55e6ad9a7290_0 .net "rst", 0 0, v0x55e6ad9aae40_0;  alias, 1 drivers
E_0x55e6ad986d60 .event posedge, v0x55e6ad9a6e00_0;
S_0x55e6ad9a7410 .scope module, "memory_controller_0" "memory_controller" 4 46, 5 7 0, S_0x55e6ad9a6970;
 .timescale 0 0;
    .port_info 0 /INPUT 1 "rst"
    .port_info 1 /INPUT 32 "address_0"
    .port_info 2 /INPUT 32 "i_val_0"
    .port_info 3 /INPUT 1 "op_type_0"
    .port_info 4 /INPUT 32 "address_1"
    .port_info 5 /INPUT 32 "i_val_1"
    .port_info 6 /INPUT 1 "op_type_1"
    .port_info 7 /OUTPUT 32 "o_val_0"
    .port_info 8 /OUTPUT 32 "o_val_1"
v0x55e6ad9a8b90_0 .net "address_0", 31 0, v0x55e6ad9aa600_0;  1 drivers
v0x55e6ad9a8c70_0 .net "address_1", 31 0, v0x55e6ad9a9bb0_0;  alias, 1 drivers
v0x55e6ad9a8d10_0 .net "i_val_0", 31 0, v0x55e6ad9aa860_0;  1 drivers
L_0x7f6d5547b0a8 .functor BUFT 1, C4<00000000000000000000000000000000>, C4<0>, C4<0>, C4<0>;
v0x55e6ad9a8e10_0 .net "i_val_1", 31 0, L_0x7f6d5547b0a8;  1 drivers
v0x55e6ad9a8ee0_0 .net "o_val_0", 31 0, v0x55e6ad9a7e00_0;  alias, 1 drivers
v0x55e6ad9a8fd0_0 .net "o_val_1", 31 0, v0x55e6ad9a8810_0;  alias, 1 drivers
v0x55e6ad9a90a0_0 .net "op_type_0", 0 0, v0x55e6ad9aab50_0;  1 drivers
L_0x7f6d5547b0f0 .functor BUFT 1, C4<0>, C4<0>, C4<0>, C4<0>;
v0x55e6ad9a9170_0 .net "op_type_1", 0 0, L_0x7f6d5547b0f0;  1 drivers
v0x55e6ad9a9240_0 .net "rst", 0 0, v0x55e6ad9aae40_0;  alias, 1 drivers
S_0x55e6ad9a7730 .scope module, "cache_0" "cache" 5 20, 6 6 0, S_0x55e6ad9a7410;
 .timescale 0 0;
    .port_info 0 /INPUT 1 "rst"
    .port_info 1 /INPUT 32 "address"
    .port_info 2 /INPUT 32 "i_val"
    .port_info 3 /INPUT 1 "op_type"
    .port_info 4 /OUTPUT 32 "o_val"
P_0x55e6ad9a7900 .param/l "CACHE_SIZE" 0 6 6, C4<00000000000000000000000100000000>;
P_0x55e6ad9a7940 .param/l "CACHE_TYPE" 0 6 7, C4<0>;
v0x55e6ad9a7b80_0 .net "address", 31 0, v0x55e6ad9aa600_0;  alias, 1 drivers
v0x55e6ad9a7c80_0 .net "i_val", 31 0, v0x55e6ad9aa860_0;  alias, 1 drivers
v0x55e6ad9a7d60 .array "mem_cell", 0 256, 31 0;
v0x55e6ad9a7e00_0 .var "o_val", 31 0;
v0x55e6ad9a7ee0_0 .net "op_type", 0 0, v0x55e6ad9aab50_0;  alias, 1 drivers
v0x55e6ad9a7ff0_0 .net "rst", 0 0, v0x55e6ad9aae40_0;  alias, 1 drivers
E_0x55e6ad96e140 .event edge, v0x55e6ad9a7c80_0, v0x55e6ad9a7b80_0, v0x55e6ad9a7ee0_0;
E_0x55e6ad9a7b20 .event edge, v0x55e6ad9a7290_0;
S_0x55e6ad9a8110 .scope module, "cache_1" "cache" 5 29, 6 6 0, S_0x55e6ad9a7410;
 .timescale 0 0;
    .port_info 0 /INPUT 1 "rst"
    .port_info 1 /INPUT 32 "address"
    .port_info 2 /INPUT 32 "i_val"
    .port_info 3 /INPUT 1 "op_type"
    .port_info 4 /OUTPUT 32 "o_val"
P_0x55e6ad9a79e0 .param/l "CACHE_SIZE" 0 6 6, C4<00000000000000000000000111101100>;
P_0x55e6ad9a7a20 .param/l "CACHE_TYPE" 0 6 7, C4<1>;
v0x55e6ad9a8560_0 .net "address", 31 0, v0x55e6ad9a9bb0_0;  alias, 1 drivers
v0x55e6ad9a8660_0 .net "i_val", 31 0, L_0x7f6d5547b0a8;  alias, 1 drivers
v0x55e6ad9a8740 .array "mem_cell", 0 492, 31 0;
v0x55e6ad9a8810_0 .var "o_val", 31 0;
v0x55e6ad9a88f0_0 .net "op_type", 0 0, L_0x7f6d5547b0f0;  alias, 1 drivers
v0x55e6ad9a8a00_0 .net "rst", 0 0, v0x55e6ad9aae40_0;  alias, 1 drivers
E_0x55e6ad9a8500 .event edge, v0x55e6ad9a8660_0, v0x55e6ad9a8560_0, v0x55e6ad9a88f0_0;
S_0x55e6ad9a9380 .scope module, "stage_1_0" "stage_1" 4 36, 7 6 0, S_0x55e6ad9a6970;
 .timescale 0 0;
    .port_info 0 /INPUT 1 "rst"
    .port_info 1 /INPUT 1 "clk"
    .port_info 2 /INPUT 1 "stall"
    .port_info 3 /INPUT 1 "b_taken"
    .port_info 4 /INPUT 32 "instr"
    .port_info 5 /INPUT 32 "b_pc"
    .port_info 6 /OUTPUT 32 "pc"
    .port_info 7 /OUTPUT 32 "if_id_pc"
    .port_info 8 /OUTPUT 32 "if_id_instr"
v0x55e6ad9a9660_0 .net "b_pc", 31 0, o0x7f6d554c5788;  alias, 0 drivers
L_0x7f6d5547b060 .functor BUFT 1, C4<0>, C4<0>, C4<0>, C4<0>;
v0x55e6ad9a9740_0 .net "b_taken", 0 0, L_0x7f6d5547b060;  1 drivers
v0x55e6ad9a9800_0 .net "clk", 0 0, v0x55e6ad9aacc0_0;  alias, 1 drivers
v0x55e6ad9a9900_0 .var "if_id_instr", 31 0;
v0x55e6ad9a99d0_0 .var "if_id_pc", 31 0;
v0x55e6ad9a9ac0_0 .net "instr", 31 0, v0x55e6ad9a8810_0;  alias, 1 drivers
v0x55e6ad9a9bb0_0 .var "pc", 31 0;
v0x55e6ad9a9ca0_0 .net "rst", 0 0, v0x55e6ad9aae40_0;  alias, 1 drivers
L_0x7f6d5547b018 .functor BUFT 1, C4<0>, C4<0>, C4<0>, C4<0>;
v0x55e6ad9a9dd0_0 .net "stall", 0 0, L_0x7f6d5547b018;  1 drivers
    .scope S_0x55e6ad960ed0;
T_0 ;
    %wait E_0x55e6ad96f330;
    %load/vec4 v0x55e6ad9a4480_0;
    %assign/vec4 v0x55e6ad9a48c0_0, 0;
    %load/vec4 v0x55e6ad9a4560_0;
    %assign/vec4 v0x55e6ad9a49a0_0, 0;
    %load/vec4 v0x55e6ad9a43a0_0;
    %assign/vec4 v0x55e6ad9a47e0_0, 0;
    %load/vec4 v0x55e6ad95f8e0_0;
    %assign/vec4 v0x55e6ad955a40_0, 0;
    %load/vec4 v0x55e6ad9a42c0_0;
    %assign/vec4 v0x55e6ad9a4700_0, 0;
    %load/vec4 v0x55e6ad983c80_0;
    %assign/vec4 v0x55e6ad983c80_0, 0;
    %load/vec4 v0x55e6ad9a4200_0;
    %assign/vec4 v0x55e6ad9a4640_0, 0;
    %jmp T_0;
    .thread T_0;
    .scope S_0x55e6ad961050;
T_1 ;
    %wait E_0x55e6ad96ef20;
    %load/vec4 v0x55e6ad9a5400_0;
    %assign/vec4 v0x55e6ad9a5ab0_0, 0;
    %load/vec4 v0x55e6ad9a5650_0;
    %assign/vec4 v0x55e6ad9a5c70_0, 0;
    %load/vec4 v0x55e6ad9a5730_0;
    %assign/vec4 v0x55e6ad9a5d50_0, 0;
    %load/vec4 v0x55e6ad9a5570_0;
    %assign/vec4 v0x55e6ad9a5b90_0, 0;
    %load/vec4 v0x55e6ad9a5160_0;
    %assign/vec4 v0x55e6ad9a5810_0, 0;
    %load/vec4 v0x55e6ad9a5240_0;
    %assign/vec4 v0x55e6ad9a58f0_0, 0;
    %load/vec4 v0x55e6ad9a5320_0;
    %assign/vec4 v0x55e6ad9a59d0_0, 0;
    %load/vec4 v0x55e6ad9a4fa0_0;
    %assign/vec4 v0x55e6ad9a4e00_0, 0;
    %load/vec4 v0x55e6ad9a5080_0;
    %assign/vec4 v0x55e6ad9a4ee0_0, 0;
    %jmp T_1;
    .thread T_1;
    .scope S_0x55e6ad95ac10;
T_2 ;
    %wait E_0x55e6ad96eb10;
    %load/vec4 v0x55e6ad9a6350_0;
    %assign/vec4 v0x55e6ad9a65d0_0, 0;
    %load/vec4 v0x55e6ad9a64f0_0;
    %assign/vec4 v0x55e6ad9a6770_0, 0;
    %load/vec4 v0x55e6ad9a6290_0;
    %assign/vec4 v0x55e6ad986e30_0, 0;
    %load/vec4 v0x55e6ad9a6430_0;
    %assign/vec4 v0x55e6ad9a66b0_0, 0;
    %jmp T_2;
    .thread T_2;
    .scope S_0x55e6ad9a6b30;
T_3 ;
    %wait E_0x55e6ad986d60;
    %load/vec4 v0x55e6ad9a6fc0_0;
    %assign/vec4 v0x55e6ad9a7160_0, 0;
    %load/vec4 v0x55e6ad9a6ee0_0;
    %assign/vec4 v0x55e6ad9a7080_0, 0;
    %jmp T_3;
    .thread T_3;
    .scope S_0x55e6ad9a9380;
T_4 ;
    %wait E_0x55e6ad9a7b20;
    %pushi/vec4 300, 0, 32;
    %assign/vec4 v0x55e6ad9a9bb0_0, 0;
    %jmp T_4;
    .thread T_4, $push;
    .scope S_0x55e6ad9a9380;
T_5 ;
    %wait E_0x55e6ad986d60;
    %vpi_call 7 21 "$display", "---begin fetch---" {0 0 0};
    %load/vec4 v0x55e6ad9a9dd0_0;
    %pad/u 32;
    %cmpi/e 0, 0, 32;
    %jmp/0xz  T_5.0, 4;
    %load/vec4 v0x55e6ad9a9740_0;
    %pad/u 32;
    %cmpi/e 1, 0, 32;
    %jmp/0xz  T_5.2, 4;
    %load/vec4 v0x55e6ad9a9660_0;
    %assign/vec4 v0x55e6ad9a9bb0_0, 0;
    %pushi/vec4 0, 0, 32;
    %assign/vec4 v0x55e6ad9a99d0_0, 0;
    %pushi/vec4 0, 0, 32;
    %assign/vec4 v0x55e6ad9a9900_0, 0;
    %jmp T_5.3;
T_5.2 ;
    %load/vec4 v0x55e6ad9a9bb0_0;
    %addi 4, 0, 32;
    %assign/vec4 v0x55e6ad9a9bb0_0, 0;
    %load/vec4 v0x55e6ad9a9bb0_0;
    %assign/vec4 v0x55e6ad9a99d0_0, 0;
    %load/vec4 v0x55e6ad9a9ac0_0;
    %assign/vec4 v0x55e6ad9a9900_0, 0;
T_5.3 ;
    %jmp T_5.1;
T_5.0 ;
    %load/vec4 v0x55e6ad9a9bb0_0;
    %assign/vec4 v0x55e6ad9a99d0_0, 0;
    %pushi/vec4 0, 0, 32;
    %assign/vec4 v0x55e6ad9a9900_0, 0;
T_5.1 ;
    %vpi_call 7 38 "$display", "stall is %d ", v0x55e6ad9a9dd0_0 {0 0 0};
    %vpi_call 7 39 "$display", "instr is %0h ", v0x55e6ad9a9ac0_0 {0 0 0};
    %vpi_call 7 40 "$display", "pc is %0h ", v0x55e6ad9a9bb0_0 {0 0 0};
    %vpi_call 7 41 "$display", "---end fetch---" {0 0 0};
    %jmp T_5;
    .thread T_5;
    .scope S_0x55e6ad9a7730;
T_6 ;
    %wait E_0x55e6ad9a7b20;
    %vpi_call 6 17 "$display", "reset cache" {0 0 0};
    %load/vec4 v0x55e6ad9a7ff0_0;
    %pad/u 32;
    %pushi/vec4 1, 0, 32;
    %cmp/e;
    %flag_get/vec4 4;
    %pushi/vec4 1, 0, 1;
    %and;
    %flag_set/vec4 8;
    %jmp/0xz  T_6.0, 8;
    %pushi/vec4 1, 0, 32;
    %ix/load 3, 0, 0;
    %flag_set/imm 4, 0;
    %ix/load 4, 0, 0; Constant delay
    %assign/vec4/a/d v0x55e6ad9a7d60, 0, 4;
    %pushi/vec4 2, 0, 32;
    %ix/load 3, 1, 0;
    %flag_set/imm 4, 0;
    %ix/load 4, 0, 0; Constant delay
    %assign/vec4/a/d v0x55e6ad9a7d60, 0, 4;
    %pushi/vec4 3, 0, 32;
    %ix/load 3, 2, 0;
    %flag_set/imm 4, 0;
    %ix/load 4, 0, 0; Constant delay
    %assign/vec4/a/d v0x55e6ad9a7d60, 0, 4;
    %pushi/vec4 4, 0, 32;
    %ix/load 3, 3, 0;
    %flag_set/imm 4, 0;
    %ix/load 4, 0, 0; Constant delay
    %assign/vec4/a/d v0x55e6ad9a7d60, 0, 4;
    %pushi/vec4 5, 0, 32;
    %ix/load 3, 4, 0;
    %flag_set/imm 4, 0;
    %ix/load 4, 0, 0; Constant delay
    %assign/vec4/a/d v0x55e6ad9a7d60, 0, 4;
    %jmp T_6.1;
T_6.0 ;
    %load/vec4 v0x55e6ad9a7ff0_0;
    %pad/u 32;
    %pushi/vec4 1, 0, 32;
    %cmp/e;
    %flag_get/vec4 4;
    %pushi/vec4 0, 0, 1;
    %and;
    %flag_set/vec4 8;
    %jmp/0xz  T_6.2, 8;
    %pushi/vec4 1, 0, 32;
    %ix/load 3, 0, 0;
    %flag_set/imm 4, 0;
    %ix/load 4, 0, 0; Constant delay
    %assign/vec4/a/d v0x55e6ad9a7d60, 0, 4;
    %pushi/vec4 2, 0, 32;
    %ix/load 3, 1, 0;
    %flag_set/imm 4, 0;
    %ix/load 4, 0, 0; Constant delay
    %assign/vec4/a/d v0x55e6ad9a7d60, 0, 4;
    %pushi/vec4 3, 0, 32;
    %ix/load 3, 2, 0;
    %flag_set/imm 4, 0;
    %ix/load 4, 0, 0; Constant delay
    %assign/vec4/a/d v0x55e6ad9a7d60, 0, 4;
    %pushi/vec4 4, 0, 32;
    %ix/load 3, 3, 0;
    %flag_set/imm 4, 0;
    %ix/load 4, 0, 0; Constant delay
    %assign/vec4/a/d v0x55e6ad9a7d60, 0, 4;
    %pushi/vec4 5, 0, 32;
    %ix/load 3, 4, 0;
    %flag_set/imm 4, 0;
    %ix/load 4, 0, 0; Constant delay
    %assign/vec4/a/d v0x55e6ad9a7d60, 0, 4;
    %vpi_call 6 27 "$display", "init inst cache" {0 0 0};
T_6.2 ;
T_6.1 ;
    %jmp T_6;
    .thread T_6, $push;
    .scope S_0x55e6ad9a7730;
T_7 ;
    %wait E_0x55e6ad96e140;
    %load/vec4 v0x55e6ad9a7ee0_0;
    %pad/u 32;
    %cmpi/e 0, 0, 32;
    %jmp/0xz  T_7.0, 4;
    %ix/getv 4, v0x55e6ad9a7b80_0;
    %load/vec4a v0x55e6ad9a7d60, 4;
    %assign/vec4 v0x55e6ad9a7e00_0, 0;
    %vpi_call 6 34 "$display", "--------------address is %0h ", v0x55e6ad9a7b80_0 {0 0 0};
    %vpi_call 6 35 "$display", "--------------o_val is %0h ", v0x55e6ad9a7e00_0 {0 0 0};
    %jmp T_7.1;
T_7.0 ;
    %load/vec4 v0x55e6ad9a7ee0_0;
    %pad/u 32;
    %cmpi/e 1, 0, 32;
    %jmp/0xz  T_7.2, 4;
    %load/vec4 v0x55e6ad9a7c80_0;
    %ix/getv 3, v0x55e6ad9a7b80_0;
    %ix/load 4, 0, 0; Constant delay
    %assign/vec4/a/d v0x55e6ad9a7d60, 0, 4;
    %pushi/vec4 2147483647, 2147483647, 32;
    %assign/vec4 v0x55e6ad9a7e00_0, 0;
T_7.2 ;
T_7.1 ;
    %jmp T_7;
    .thread T_7, $push;
    .scope S_0x55e6ad9a8110;
T_8 ;
    %wait E_0x55e6ad9a7b20;
    %vpi_call 6 17 "$display", "reset cache" {0 0 0};
    %load/vec4 v0x55e6ad9a8a00_0;
    %pad/u 32;
    %pushi/vec4 1, 0, 32;
    %cmp/e;
    %flag_get/vec4 4;
    %pushi/vec4 0, 0, 1;
    %and;
    %flag_set/vec4 8;
    %jmp/0xz  T_8.0, 8;
    %pushi/vec4 1, 0, 32;
    %ix/load 3, 0, 0;
    %flag_set/imm 4, 0;
    %ix/load 4, 0, 0; Constant delay
    %assign/vec4/a/d v0x55e6ad9a8740, 0, 4;
    %pushi/vec4 2, 0, 32;
    %ix/load 3, 1, 0;
    %flag_set/imm 4, 0;
    %ix/load 4, 0, 0; Constant delay
    %assign/vec4/a/d v0x55e6ad9a8740, 0, 4;
    %pushi/vec4 3, 0, 32;
    %ix/load 3, 2, 0;
    %flag_set/imm 4, 0;
    %ix/load 4, 0, 0; Constant delay
    %assign/vec4/a/d v0x55e6ad9a8740, 0, 4;
    %pushi/vec4 4, 0, 32;
    %ix/load 3, 3, 0;
    %flag_set/imm 4, 0;
    %ix/load 4, 0, 0; Constant delay
    %assign/vec4/a/d v0x55e6ad9a8740, 0, 4;
    %pushi/vec4 5, 0, 32;
    %ix/load 3, 4, 0;
    %flag_set/imm 4, 0;
    %ix/load 4, 0, 0; Constant delay
    %assign/vec4/a/d v0x55e6ad9a8740, 0, 4;
    %jmp T_8.1;
T_8.0 ;
    %load/vec4 v0x55e6ad9a8a00_0;
    %pad/u 32;
    %pushi/vec4 1, 0, 32;
    %cmp/e;
    %flag_get/vec4 4;
    %pushi/vec4 1, 0, 1;
    %and;
    %flag_set/vec4 8;
    %jmp/0xz  T_8.2, 8;
    %pushi/vec4 1, 0, 32;
    %ix/load 3, 0, 0;
    %flag_set/imm 4, 0;
    %ix/load 4, 0, 0; Constant delay
    %assign/vec4/a/d v0x55e6ad9a8740, 0, 4;
    %pushi/vec4 2, 0, 32;
    %ix/load 3, 1, 0;
    %flag_set/imm 4, 0;
    %ix/load 4, 0, 0; Constant delay
    %assign/vec4/a/d v0x55e6ad9a8740, 0, 4;
    %pushi/vec4 3, 0, 32;
    %ix/load 3, 2, 0;
    %flag_set/imm 4, 0;
    %ix/load 4, 0, 0; Constant delay
    %assign/vec4/a/d v0x55e6ad9a8740, 0, 4;
    %pushi/vec4 4, 0, 32;
    %ix/load 3, 3, 0;
    %flag_set/imm 4, 0;
    %ix/load 4, 0, 0; Constant delay
    %assign/vec4/a/d v0x55e6ad9a8740, 0, 4;
    %pushi/vec4 5, 0, 32;
    %ix/load 3, 4, 0;
    %flag_set/imm 4, 0;
    %ix/load 4, 0, 0; Constant delay
    %assign/vec4/a/d v0x55e6ad9a8740, 0, 4;
    %vpi_call 6 27 "$display", "init inst cache" {0 0 0};
T_8.2 ;
T_8.1 ;
    %jmp T_8;
    .thread T_8, $push;
    .scope S_0x55e6ad9a8110;
T_9 ;
    %wait E_0x55e6ad9a8500;
    %load/vec4 v0x55e6ad9a88f0_0;
    %pad/u 32;
    %cmpi/e 0, 0, 32;
    %jmp/0xz  T_9.0, 4;
    %ix/getv 4, v0x55e6ad9a8560_0;
    %load/vec4a v0x55e6ad9a8740, 4;
    %assign/vec4 v0x55e6ad9a8810_0, 0;
    %vpi_call 6 34 "$display", "--------------address is %0h ", v0x55e6ad9a8560_0 {0 0 0};
    %vpi_call 6 35 "$display", "--------------o_val is %0h ", v0x55e6ad9a8810_0 {0 0 0};
    %jmp T_9.1;
T_9.0 ;
    %load/vec4 v0x55e6ad9a88f0_0;
    %pad/u 32;
    %cmpi/e 1, 0, 32;
    %jmp/0xz  T_9.2, 4;
    %load/vec4 v0x55e6ad9a8660_0;
    %ix/getv 3, v0x55e6ad9a8560_0;
    %ix/load 4, 0, 0; Constant delay
    %assign/vec4/a/d v0x55e6ad9a8740, 0, 4;
    %pushi/vec4 2147483647, 2147483647, 32;
    %assign/vec4 v0x55e6ad9a8810_0, 0;
T_9.2 ;
T_9.1 ;
    %jmp T_9;
    .thread T_9, $push;
    .scope S_0x55e6ad924190;
T_10 ;
    %delay 5, 0;
    %load/vec4 v0x55e6ad9aacc0_0;
    %inv;
    %store/vec4 v0x55e6ad9aacc0_0, 0, 1;
    %jmp T_10;
    .thread T_10;
    .scope S_0x55e6ad924190;
T_11 ;
    %pushi/vec4 0, 0, 1;
    %assign/vec4 v0x55e6ad9aacc0_0, 0;
    %pushi/vec4 1, 0, 1;
    %assign/vec4 v0x55e6ad9aae40_0, 0;
    %pushi/vec4 0, 0, 32;
    %assign/vec4 v0x55e6ad9aad60_0, 0;
    %end;
    .thread T_11;
    .scope S_0x55e6ad924190;
T_12 ;
    %wait E_0x55e6ad986d60;
    %load/vec4 v0x55e6ad9aae40_0;
    %pad/u 32;
    %cmpi/e 1, 0, 32;
    %jmp/0xz  T_12.0, 4;
    %pushi/vec4 0, 0, 1;
    %assign/vec4 v0x55e6ad9aae40_0, 0;
T_12.0 ;
    %load/vec4 v0x55e6ad9aad60_0;
    %addi 1, 0, 32;
    %assign/vec4 v0x55e6ad9aad60_0, 0;
    %load/vec4 v0x55e6ad9aad60_0;
    %cmpi/e 5, 0, 32;
    %jmp/0xz  T_12.2, 4;
    %vpi_call 3 24 "$finish" {0 0 0};
T_12.2 ;
    %jmp T_12;
    .thread T_12;
# The file index is used to find the file name in the following table.
:file_names 8;
    "N/A";
    "<interactive>";
    "./pipe_regs.v";
    "top.v";
    "./verilog_riscv.v";
    "./memory_controller.v";
    "./cache.v";
    "./stage_1.v";
